  can0  18FF6527   [8]  00 55 00 00 05 00 00 00
  can0  18FF6527   [8]  00 55 00 00 05 00 00 00
  can0  18FF6527   [8]  00 55 00 00 05 00 00 00
  can0  18FF6527   [8]  00 55 00 00 05 00 00 00
  can0  18FF6527   [8]  00 55 00 00 05 00 00 00
  can0  18FF6527   [8]  00 55 00 00 05 00 00 00
  can0  18FF6527   [8]  00 55 00 00 05 00 00 00
  can0  18FF6527   [8]  00 55 00 00 05 00 00 00
  can0  18FF6527   [8]  00 55 00 00 05 00 00 00
  can0  18FF6527   [8]  00 55 00 00 05 00 00 00
  can0  18FF6527   [8]  00 55 00 00 05 00 00 00
  can0  18FF6527   [8]  00 55 00 00 05 00 00 00
  can0  18FF6527   [8]  00 55 00 00 05 00 00 00
  can0  18FF6527   [8]  00 55 00 00 05 00 00 00
  can0  18FF6527   [8]  00 55 00 00 05 00 00 00
  can0  18FF6527   [8]  00 55 00 00 05 00 00 00
  can0  18FF6527   [8]  00 55 00 00 05 00 00 00
  can0  18FF6527   [8]  00 55 00 00 05 00 00 00
  can0  18FF6527   [8]  00 55 00 00 05 00 00 00
  can0  18FF6527   [8]  00 55 00 00 05 00 00 00
  can0  18FF6527   [8]  00 55 00 00 05 00 00 00
  can0  18FF6527   [8]  00 55 00 00 05 00 00 00
  can0  18FF6527   [8]  00 55 00 00 05 00 00 00
  can0  18FF6527   [8]  00 55 00 00 05 00 00 00
  can0  18FF6527   [8]  00 55 00 00 05 00 00 00
  can0  18FF6527   [8]  00 55 00 00 05 00 00 00
  can0  18FF6527   [8]  00 55 00 00 05 00 00 00
  can0  18FF6527   [8]  00 55 00 00 05 00 00 00
  can0  18FF6527   [8]  00 55 00 00 05 00 00 00
  can0  18FF6527   [8]  00 55 00 00 05 00 00 00
  can0  18FF6527   [8]  00 55 00 00 05 00 00 00
  can0  18FF6527   [8]  00 55 00 00 05 00 00 00
  can0  18FF6527   [8]  00 55 00 00 05 00 00 00
  can0  18FF6527   [8]  00 55 00 00 05 00 00 00
  can0  18FF6527   [8]  00 55 00 00 05 00 00 00
  can0  18FF6527   [8]  00 55 00 00 05 00 00 00
  can0  18FF6527   [8]  00 55 00 00 05 00 00 00
  can0  18FF6527   [8]  00 55 00 00 05 00 00 00
  can0  18FF6527   [8]  00 55 00 00 05 00 00 00
  can0  18FF6527   [8]  00 55 00 00 05 00 00 00
  can0  18FF6527   [8]  00 55 00 00 05 00 00 00
  can0  18FF6527   [8]  00 55 00 00 05 00 00 00
  can0  18FF6527   [8]  00 55 00 00 05 00 00 00
  can0  18FF6527   [8]  55 00 00 05 00 00 00 00
  can0  18FF6527   [8]  55 00 00 05 00 00 00 00
  can0  18FF6527   [8]  55 00 00 05 00 00 00 00
  can0  18FF6527   [8]  55 00 00 05 00 00 00 00
  can0  18FF6527   [8]  55 00 00 05 00 00 00 00
  can0  18FF6527   [8]  55 00 00 05 00 00 00 00
  can0  18FF6527   [8]  55 00 00 05 00 00 00 00
  can0  18FF6527   [8]  55 00 00 05 00 00 00 00
  can0  18FF6527   [8]  55 00 00 05 00 00 00 00
  can0  18FF6527   [8]  55 00 00 05 00 00 00 00
  can0  18FF6527   [8]  55 00 00 05 00 00 00 00
  can0  18FF6527   [8]  55 00 00 05 00 00 00 00
  can0  18FF6527   [8]  55 00 00 05 00 00 00 00
  can0  18FF6527   [8]  55 00 00 05 00 00 00 00
  can0  18FF6527   [8]  55 00 00 05 00 00 00 00
  can0  18FF6527   [8]  55 00 00 05 00 00 00 00
  can0  18FF6527   [8]  55 00 00 05 00 00 00 00
  can0  18FF6527   [8]  55 00 00 05 00 00 00 00
  can0  18FF6527   [8]  55 00 00 05 00 00 00 00
  can0  18FF6527   [8]  55 00 00 05 00 00 00 00
  can0  18FF6527   [8]  55 00 00 05 00 00 00 00
  can0  18FF6527   [8]  55 00 00 05 00 00 00 00
  can0  18FF6527   [8]  55 00 00 05 00 00 00 00
  can0  18FF6527   [8]  55 00 00 05 00 00 00 00
  can0  18FF6527   [8]  55 00 00 05 00 00 00 00
  can0  18FF6527   [8]  55 00 00 05 00 00 00 00
  can0  18FF6527   [8]  55 00 00 05 00 00 00 00
  can0  18FF6527   [8]  55 00 00 05 00 00 00 00
  can0  18FF6527   [8]  55 00 00 05 00 00 00 00
  can0  18FF6527   [8]  55 00 00 05 00 00 00 00
  can0  18FF6527   [8]  55 00 00 05 00 00 00 00
  can0  18FF6527   [8]  55 00 00 05 00 00 00 00
  can0  18FF6527   [8]  55 00 00 05 00 00 00 00
  can0  18FF6527   [8]  55 00 00 05 00 00 00 00
  can0  18FF6527   [8]  55 00 00 05 00 00 00 00
  can0  18FF6527   [8]  55 00 00 05 00 00 00 00
  can0  18FF6527   [8]  55 00 00 05 00 00 00 00
  can0  18FF6527   [8]  55 00 00 05 00 00 00 00
  can0  18FF6527   [8]  55 00 00 05 00 00 00 00
  can0  18FF6527   [8]  55 00 00 05 00 00 00 00
  can0  18FF6527   [8]  55 00 00 05 00 00 00 00
  can0  18FF6527   [8]  55 00 00 05 00 00 00 00
  can0  18FF6527   [8]  55 00 00 05 00 00 00 00
  can0  18FF6527   [8]  55 00 00 05 00 00 00 00
  can0  18FF6527   [8]  55 00 00 05 00 00 00 00
  can0  18FF6527   [8]  55 00 00 05 00 00 00 00
  can0  18FF6527   [8]  55 00 00 05 00 00 00 00
  can0  18FF6527   [8]  55 00 00 05 00 00 00 00
  can0  18FF6527   [8]  55 00 00 05 00 00 00 00
  can0  18FF6527   [8]  55 00 00 05 00 00 00 00
  can0  18FF6527   [8]  55 00 00 05 00 00 00 00
  can0  18FF6527   [8]  55 00 00 05 00 00 00 00
  can0  18FF6527   [8]  55 00 00 05 00 00 00 00
  can0  18FF6527   [8]  55 00 00 05 00 00 00 00
  can0  18FF6527   [8]  55 00 00 05 00 00 00 00
  can0  18FF6527   [8]  55 00 00 05 00 00 00 00
  can0  18FF6527   [8]  55 00 00 05 00 00 00 00
  can0  18FF6527   [8]  55 00 00 05 00 00 00 00
  can0  18FF6527   [8]  55 00 00 05 00 00 00 00
  can0  18FF6527   [8]  55 00 00 05 00 00 00 00
  can0  18FF6527   [8]  11 00 00 04 00 00 00 00
  can0  18FF6527   [8]  01 00 00 04 00 00 00 00
  can0  18FF6527   [8]  01 00 00 04 00 00 00 00
  can0  18FF6527   [8]  01 00 00 04 00 00 00 00
  can0  18FF6527   [8]  01 00 00 04 00 00 00 00
  can0  18FF6527   [8]  01 00 00 04 00 00 00 00
  can0  18FF6527   [8]  00 00 00 04 00 00 00 00
  can0  18FF6527   [8]  00 00 00 00 00 00 00 00
  can0  18FF6527   [8]  00 00 00 00 00 00 00 00
  can0  18FF6527   [8]  00 00 00 00 00 00 00 00
  can0  18FF6527   [8]  00 00 00 00 00 00 00 00
  can0  18FF6527   [8]  00 00 00 00 00 00 00 00
  can0  18FF6527   [8]  00 00 00 00 00 00 00 00
  can0  18FF6527   [8]  00 00 00 00 00 00 00 00
  can0  18FF6527   [8]  00 00 00 00 00 00 00 00
  can0  18FF6527   [8]  00 00 00 00 00 00 00 00
  can0  18FF6527   [8]  00 00 00 00 00 00 00 00
  can0  18FF6527   [8]  00 00 00 00 00 00 00 00
  can0  18FF6527   [8]  00 00 00 00 00 00 00 00
  can0  18FF6527   [8]  00 00 00 00 00 00 00 00
  can0  18FF6527   [8]  00 00 00 00 00 00 00 00
  can0  18FF6527   [8]  00 00 00 00 00 00 00 00
  can0  18FF6527   [8]  00 00 00 00 00 00 00 00
  can0  18FF6527   [8]  00 00 00 00 00 00 00 00
  can0  18FF6527   [8]  00 00 00 00 00 00 00 00
  can0  18FF6527   [8]  00 00 00 00 00 00 00 00
  can0  18FF6527   [8]  00 00 00 00 00 00 00 00
  can0  18FF6527   [8]  00 00 00 00 00 00 00 00
  can0  18FF6527   [8]  00 00 00 00 00 00 00 00
  can0  18FF6527   [8]  00 00 00 00 00 00 00 00
  can0  18FF6527   [8]  00 00 00 00 00 00 00 00
  can0  18FF6527   [8]  00 00 00 00 00 00 00 00
  can0  18FF6527   [8]  00 00 00 00 00 00 00 00
  can0  18FF6527   [8]  00 00 00 00 00 00 00 00
  can0  18FF6527   [8]  00 00 00 00 00 00 00 00
  can0  18FF6527   [8]  00 00 00 00 00 00 00 00
  can0  18FF6527   [8]  00 00 00 00 00 00 00 00
  can0  18FF6527   [8]  00 00 00 00 00 00 00 00
  can0  18FF6527   [8]  00 00 00 00 00 00 00 00
  can0  18FF6527   [8]  00 00 00 00 00 00 00 00
  can0  18FF6527   [8]  00 00 00 00 00 00 00 00
  can0  18FF6527   [8]  00 00 00 00 00 00 00 00
  can0  18FF6527   [8]  00 00 00 00 00 00 00 00
  can0  18FF6527   [8]  00 00 00 00 00 00 00 00
  can0  18FF6527   [8]  00 00 00 00 00 00 00 00
  can0  18FF6527   [8]  00 00 00 00 00 00 00 00
  can0  18FF6527   [8]  00 00 00 00 00 00 00 00
  can0  18FF6527   [8]  00 00 00 00 00 00 00 00
  can0  18FF6527   [8]  00 00 00 00 00 00 00 00
  can0  18FF6527   [8]  00 00 00 00 00 00 00 00
  can0  18FF6527   [8]  00 00 00 00 00 00 00 00
  can0  18FF6527   [8]  00 00 00 00 00 00 00 00
  can0  18FF6527   [8]  00 00 00 00 00 00 00 00
  can0  18FF6527   [8]  00 00 00 00 00 00 00 00
  can0  18FF6527   [8]  00 00 00 00 00 00 00 00
  can0  18FF6527   [8]  00 00 00 00 00 00 00 00
  can0  18FF6527   [8]  00 00 00 00 00 00 00 00
  can0  18FF6527   [8]  00 00 00 00 00 00 00 00
  can0  18FF6527   [8]  00 00 00 00 00 00 00 00
  can0  18FF6527   [8]  00 00 00 00 00 00 00 00
  can0  18FF6527   [8]  00 00 00 00 00 00 00 00
  can0  18FF6527   [8]  00 00 00 00 00 00 00 00
  can0  18FF6527   [8]  00 00 00 00 00 00 00 00
  can0  18FF6527   [8]  00 00 00 00 00 00 00 00
  can0  18FF6527   [8]  00 00 00 00 00 00 00 00
  can0  18FF6527   [8]  00 00 00 00 00 00 00 00
  can0  18FF6527   [8]  00 00 00 00 00 00 00 00
  can0  18FF6527   [8]  00 00 00 00 00 00 00 00
  can0  18FF6527   [8]  00 00 00 00 00 00 00 00
  can0  18FF6527   [8]  00 00 00 00 00 00 00 00
  can0  18FF6527   [8]  00 00 00 00 00 00 00 00
  can0  18FF6527   [8]  00 00 00 00 00 00 00 00
  can0  18FF6527   [8]  00 00 00 00 00 00 00 00
  can0  18FF6527   [8]  00 00 00 00 00 00 00 00
  can0  18FF6527   [8]  00 00 00 00 00 00 00 00
  can0  18FF6527   [8]  00 00 00 00 00 00 00 00
  can0  18FF6527   [8]  00 00 00 00 00 00 00 00
  can0  18FF6527   [8]  00 00 00 00 00 00 00 00
  can0  18FF6527   [8]  00 00 00 00 00 00 00 00
  can0  18FF6527   [8]  00 00 00 00 00 00 00 00
  can0  18FF6527   [8]  00 00 00 00 00 00 00 00
  can0  18FF6527   [8]  00 00 00 00 00 00 00 00
  can0  18FF6527   [8]  00 00 00 00 00 00 00 00
  can0  18FF6527   [8]  00 00 00 00 00 00 00 00
  can0  18FF6527   [8]  00 00 00 00 00 00 00 00
  can0  18FF6527   [8]  00 00 00 00 00 00 00 00
  can0  18FF6527   [8]  00 00 00 00 00 00 00 00
  can0  18FF6527   [8]  00 00 00 00 00 00 00 00
  can0  18FF6527   [8]  00 00 00 00 00 00 00 00
  can0  18FF6527   [8]  00 00 00 00 00 00 00 00
  can0  18FF6527   [8]  00 00 00 00 00 00 00 00
  can0  18FF6527   [8]  00 00 00 00 00 00 00 00
  can0  18FF6527   [8]  00 00 00 00 00 00 00 00
  can0  18FF6527   [8]  00 00 00 00 00 00 00 00
  can0  18FF6527   [8]  00 00 00 00 00 00 00 00
  can0  18FF6527   [8]  00 00 00 00 00 00 00 00
  can0  18FF6527   [8]  00 00 00 00 00 00 00 00
  can0  18FF6527   [8]  00 00 00 00 00 00 00 00
  can0  18FF6527   [8]  00 00 00 00 00 00 00 00
  can0  18FF6527   [8]  00 00 00 00 00 00 00 00
  can0  18FF6527   [8]  00 00 00 00 00 00 00 00
  can0  18FF6527   [8]  00 00 00 00 00 00 00 00
  can0  18FF6527   [8]  00 00 00 00 00 00 00 00
  can0  18FF6527   [8]  00 00 00 00 00 00 00 00
  can0  18FF6527   [8]  00 00 00 00 00 00 00 00
  can0  18FF6527   [8]  00 00 00 00 00 00 00 00
  can0  18FF6527   [8]  00 00 00 00 00 00 00 00
  can0  18FF6527   [8]  00 00 00 00 00 00 00 00
  can0  18FF6527   [8]  00 00 00 00 00 00 00 00
  can0  18FF6527   [8]  00 00 00 00 00 00 00 00
  can0  18FF6527   [8]  00 00 00 00 00 00 00 00
  can0  18FF6527   [8]  00 00 00 00 00 00 00 00
  can0  18FF6527   [8]  00 00 00 00 00 00 00 00
  can0  18FF6527   [8]  00 00 00 00 00 00 00 00
  can0  18FF6527   [8]  00 00 00 00 00 00 00 00
  can0  18FF6527   [8]  00 00 00 00 00 00 00 00
  can0  18FF6527   [8]  00 00 00 00 00 00 00 00
  can0  18FF6527   [8]  00 00 00 00 00 00 00 00
  can0  18FF6527   [8]  00 00 00 00 00 00 00 00
  can0  18FF6527   [8]  00 00 00 00 00 00 00 00
  can0  18FF6527   [8]  00 00 00 00 00 00 00 00
  can0  18FF6527   [8]  00 00 00 00 00 00 00 00
  can0  18FF6527   [8]  00 00 00 00 00 00 00 00
  can0  18FF6527   [8]  00 00 00 00 00 00 00 00
  can0  18FF6527   [8]  00 00 00 00 00 00 00 00
  can0  18FF6527   [8]  00 00 00 00 00 00 00 00
  can0  18FF6527   [8]  00 00 00 00 00 00 00 00
  can0  18FF6527   [8]  00 00 00 00 00 00 00 00
  can0  18FF6527   [8]  00 00 00 00 00 00 00 00
  can0  18FF6527   [8]  00 00 00 00 00 00 00 00
  can0  18FF6527   [8]  00 00 00 00 00 00 00 00
  can0  18FF6527   [8]  00 00 55 00 00 05 00 00
  can0  18FF6527   [8]  00 00 55 00 00 05 00 00
  can0  18FF6527   [8]  00 00 55 00 00 05 00 00
  can0  18FF6527   [8]  00 00 55 00 00 05 00 00
  can0  18FF6527   [8]  00 00 55 00 00 05 00 00
  can0  18FF6527   [8]  00 00 55 00 00 05 00 00
  can0  18FF6527   [8]  00 00 55 00 00 05 00 00
  can0  18FF6527   [8]  00 00 55 00 00 05 00 00
  can0  18FF6527   [8]  00 00 55 00 00 05 00 00
  can0  18FF6527   [8]  00 00 55 00 00 05 00 00
  can0  18FF6527   [8]  00 00 55 00 00 05 00 00
  can0  18FF6527   [8]  00 00 55 00 00 05 00 00
  can0  18FF6527   [8]  00 00 55 00 00 05 00 00
  can0  18FF6527   [8]  00 00 55 00 00 05 00 00
  can0  18FF6527   [8]  00 00 55 00 00 05 00 00
  can0  18FF6527   [8]  00 00 55 00 00 05 00 00
  can0  18FF6527   [8]  00 00 55 00 00 05 00 00
  can0  18FF6527   [8]  00 00 55 00 00 05 00 00
  can0  18FF6527   [8]  00 00 55 00 00 05 00 00
  can0  18FF6527   [8]  00 00 55 00 00 05 00 00
  can0  18FF6527   [8]  00 00 55 00 00 05 00 00
  can0  18FF6527   [8]  00 00 55 00 00 05 00 00
  can0  18FF6527   [8]  00 00 55 00 00 05 00 00
  can0  18FF6527   [8]  00 00 55 00 00 05 00 00
  can0  18FF6527   [8]  00 00 55 00 00 05 00 00
  can0  18FF6527   [8]  00 00 55 00 00 05 00 00
  can0  18FF6527   [8]  00 00 55 00 00 05 00 00
  can0  18FF6527   [8]  00 00 55 00 00 05 00 00
  can0  18FF6527   [8]  00 00 55 00 00 05 00 00
  can0  18FF6527   [8]  00 00 55 00 00 05 00 00
  can0  18FF6527   [8]  00 00 55 00 00 05 00 00
  can0  18FF6527   [8]  00 00 55 00 00 05 00 00
  can0  18FF6527   [8]  00 00 55 00 00 05 00 00
  can0  18FF6527   [8]  00 00 55 00 00 05 00 00
  can0  18FF6527   [8]  00 00 55 00 00 05 00 00
  can0  18FF6527   [8]  00 00 55 00 00 05 00 00
  can0  18FF6527   [8]  00 00 55 00 00 05 00 00
  can0  18FF6527   [8]  00 00 55 00 00 05 00 00
  can0  18FF6527   [8]  00 00 55 00 00 05 00 00
  can0  18FF6527   [8]  00 00 55 00 00 05 00 00
  can0  18FF6527   [8]  00 00 55 00 00 05 00 00
  can0  18FF6527   [8]  00 00 55 00 00 05 00 00
  can0  18FF6527   [8]  00 00 55 00 00 05 00 00
  can0  18FF6527   [8]  00 10 45 00 01 04 00 00
  can0  18FF6527   [8]  00 54 01 00 01 04 00 00
  can0  18FF6527   [8]  00 54 01 00 01 04 00 00
  can0  18FF6527   [8]  00 55 00 00 01 04 00 00
  can0  18FF6527   [8]  00 55 00 00 01 04 00 00
  can0  18FF6527   [8]  00 55 00 00 01 04 00 00
  can0  18FF6527   [8]  00 55 00 00 01 04 00 00
  can0  18FF6527   [8]  00 55 00 00 01 04 00 00
  can0  18FF6527   [8]  00 55 00 00 05 00 00 00
  can0  18FF6527   [8]  00 55 00 00 05 00 00 00
  can0  18FF6527   [8]  00 55 00 00 05 00 00 00
  can0  18FF6527   [8]  00 55 00 00 05 00 00 00
  can0  18FF6527   [8]  00 55 00 00 05 00 00 00
  can0  18FF6527   [8]  00 55 00 00 05 00 00 00
  can0  18FF6527   [8]  00 55 00 00 05 00 00 00
  can0  18FF6527   [8]  00 55 00 00 05 00 00 00
  can0  18FF6527   [8]  00 55 00 00 05 00 00 00
  can0  18FF6527   [8]  00 55 00 00 05 00 00 00
  can0  18FF6527   [8]  00 55 00 00 05 00 00 00
  can0  18FF6527   [8]  00 55 00 00 05 00 00 00
  can0  18FF6527   [8]  00 55 00 00 05 00 00 00
  can0  18FF6527   [8]  00 55 00 00 05 00 00 00
  can0  18FF6527   [8]  00 55 00 00 05 00 00 00
  can0  18FF6527   [8]  00 55 00 00 05 00 00 00
  can0  18FF6527   [8]  00 55 00 00 05 00 00 00
  can0  18FF6527   [8]  00 55 00 00 05 00 00 00
  can0  18FF6527   [8]  00 55 00 00 05 00 00 00
  can0  18FF6527   [8]  00 55 00 00 05 00 00 00
  can0  18FF6527   [8]  00 55 00 00 05 00 00 00
  can0  18FF6527   [8]  00 55 00 00 05 00 00 00
  can0  18FF6527   [8]  00 55 00 00 05 00 00 00
  can0  18FF6527   [8]  00 55 00 00 05 00 00 00
  can0  18FF6527   [8]  00 55 00 00 05 00 00 00
  can0  18FF6527   [8]  00 55 00 00 05 00 00 00
  can0  18FF6527   [8]  00 55 00 00 05 00 00 00
  can0  18FF6527   [8]  00 55 00 00 05 00 00 00
  can0  18FF6527   [8]  00 55 00 00 05 00 00 00
  can0  18FF6527   [8]  00 55 00 00 05 00 00 00
  can0  18FF6527   [8]  00 55 00 00 05 00 00 00
  can0  18FF6527   [8]  00 55 00 00 05 00 00 00
  can0  18FF6527   [8]  00 55 00 00 05 00 00 00
  can0  18FF6527   [8]  00 55 00 00 05 00 00 00
  can0  18FF6527   [8]  00 55 00 00 05 00 00 00
  can0  18FF6527   [8]  00 55 00 00 05 00 00 00
  can0  18FF6527   [8]  00 55 00 00 05 00 00 00
  can0  18FF6527   [8]  00 55 00 00 05 00 00 00
  can0  18FF6527   [8]  00 55 00 00 05 00 00 00
  can0  18FF6527   [8]  00 55 00 00 05 00 00 00
  can0  18FF6527   [8]  00 55 00 00 05 00 00 00
  can0  18FF6527   [8]  00 55 00 00 05 00 00 00
  can0  18FF6527   [8]  00 55 00 00 05 00 00 00
  can0  18FF6527   [8]  00 55 00 00 05 00 00 00
  can0  18FF6527   [8]  00 55 00 00 05 00 00 00
  can0  18FF6527   [8]  00 55 00 00 05 00 00 00
  can0  18FF6527   [8]  00 55 00 00 05 00 00 00
  can0  18FF6527   [8]  00 55 00 00 05 00 00 00
  can0  18FF6527   [8]  00 55 00 00 05 00 00 00
  can0  18FF6527   [8]  00 55 00 00 05 00 00 00
  can0  18FF6527   [8]  00 55 00 00 05 00 00 00
  can0  18FF6527   [8]  00 55 00 00 05 00 00 00
  can0  18FF6527   [8]  00 55 00 00 05 00 00 00
  can0  18FF6527   [8]  00 55 00 00 05 00 00 00
  can0  18FF6527   [8]  00 55 00 00 05 00 00 00
  can0  18FF6527   [8]  00 55 00 00 05 00 00 00
  can0  18FF6527