  can0  18FF6527   [8]  00 00 00 00 00 00 00 00
  can0  18FF6527   [8]  00 00 00 00 00 00 00 00
  can0  18FF6527   [8]  00 00 00 00 00 00 00 00
  can0  18FF6527   [8]  00 00 00 00 00 00 00 00
  can0  18FF6527   [8]  00 00 00 00 00 00 00 00
  can0  18FF6527   [8]  00 00 00 00 00 00 00 00
  can0  18FF6527   [8]  00 00 00 00 00 00 00 00
  can0  18FF6527   [8]  00 00 00 00 00 00 00 00
  can0  18FF6527   [8]  00 00 00 00 00 00 00 00
  can0  18FF6527   [8]  00 00 00 00 00 00 00 00
  can0  18FF6527   [8]  00 00 00 00 00 00 00 00
  can0  18FF6527   [8]  00 00 00 00 00 00 00 00
  can0  18FF6527   [8]  00 00 00 00 00 00 00 00
  can0  18FF6527   [8]  00 00 00 00 00 00 00 00
  can0  18FF6527   [8]  00 00 00 00 00 00 00 00
  can0  18FF6527   [8]  00 00 00 00 00 00 00 00
  can0  18FF6527   [8]  00 00 00 00 00 00 00 00
  can0  18FF6527   [8]  00 00 00 00 00 00 00 00
  can0  18FF6527   [8]  00 00 00 00 00 00 00 00
  can0  18FF6527   [8]  00 00 00 00 00 00 00 00
  can0  18FF6527   [8]  00 00 00 00 00 00 00 00
  can0  18FF6527   [8]  00 00 00 00 00 00 00 00
  can0  18FF6527   [8]  00 00 00 00 00 00 00 00
  can0  18FF6527   [8]  00 00 00 00 00 00 00 00
  can0  18FF6527   [8]  00 00 00 00 00 00 00 00
  can0  18FF6527   [8]  00 00 00 00 00 00 00 00
  can0  18FF6527   [8]  00 00 00 00 00 00 00 00
  can0  18FF6527   [8]  00 00 00 00 00 00 00 00
  can0  18FF6527   [8]  00 00 00 00 00 00 00 00
  can0  18FF6527   [8]  00 00 00 00 00 00 00 00
  can0  18FF6527   [8]  00 00 00 00 00 00 00 00
  can0  18FF6527   [8]  00 00 00 00 00 00 00 00
  can0  18FF6527   [8]  00 00 00 00 00 00 00 00
  can0  18FF6527   [8]  00 00 00 00 00 00 00 00
  can0  18FF6527   [8]  00 00 00 00 00 00 00 00
  can0  18FF6527   [8]  00 00 00 00 00 00 00 00
  can0  18FF6527   [8]  00 00 00 00 00 00 00 00
  can0  18FF6527   [8]  00 00 00 00 00 00 00 00
  can0  18FF6527   [8]  00 00 00 00 00 00 00 00
  can0  18FF6527   [8]  00 00 00 00 00 00 00 00
  can0  18FF6527   [8]  00 00 00 00 00 00 00 00
  can0  18FF6527   [8]  00 00 00 00 00 00 00 00
  can0  18FF6527   [8]  00 00 00 00 00 00 00 00
  can0  18FF6527   [8]  00 00 00 00 00 00 00 00
  can0  18FF6527   [8]  00 00 00 00 00 00 00 00
  can0  18FF6527   [8]  00 00 00 00 00 00 00 00
  can0  18FF6527   [8]  00 00 00 00 00 00 00 00
  can0  18FF6527   [8]  00 00 00 00 00 00 00 00
  can0  18FF6527   [8]  00 00 00 00 00 00 00 00
  can0  18FF6527   [8]  00 00 00 00 00 00 00 00
  can0  18FF6527   [8]  00 00 00 00 00 00 00 00
  can0  18FF6527   [8]  00 00 00 00 00 00 00 00
  can0  18FF6527   [8]  00 00 00 00 00 00 00 00
  can0  18FF6527   [8]  00 00 00 00 00 00 00 00
  can0  18FF6527   [8]  00 00 00 00 00 00 00 00
  can0  18FF6527   [8]  00 00 00 00 00 00 00 00
  can0  18FF6527   [8]  00 00 00 00 00 00 00 00
  can0  18FF6527   [8]  00 00 00 00 00 00 00 00
  can0  18FF6527   [8]  00 00 00 00 00 00 00 00
  can0  18FF6527   [8]  00 00 00 00 00 00 00 00
  can0  18FF6527   [8]  00 00 00 00 00 00 00 00
  can0  18FF6527   [8]  00 00 00 00 00 00 00 00
  can0  18FF6527   [8]  00 00 00 00 00 00 00 00
  can0  18FF6527   [8]  00 00 00 00 00 00 00 00
  can0  18FF6527   [8]  00 00 00 00 00 00 00 00
  can0  18FF6527   [8]  00 00 00 00 00 00 00 00
  can0  18FF6527   [8]  00 00 00 00 00 00 00 00
  can0  18FF6527   [8]  00 00 00 00 00 00 00 00
  can0  18FF6527   [8]  00 00 00 00 00 00 00 00
  can0  18FF6527   [8]  00 00 00 00 00 00 00 00
  can0  18FF6527   [8]  00 00 00 00 00 00 00 00
  can0  18FF6527   [8]  00 00 00 00 00 00 00 00
  can0  18FF6527   [8]  00 00 00 00 00 00 00 00
  can0  18FF6527   [8]  00 00 00 00 00 00 00 00
  can0  18FF6527   [8]  00 00 00 00 00 00 00 00
  can0  18FF6527   [8]  00 00 00 00 00 00 00 00
  can0  18FF6527   [8]  00 00 00 00 00 00 00 00
  can0  18FF6527   [8]  00 00 00 00 00 00 00 00
  can0  18FF6527   [8]  00 00 00 00 00 00 00 00
  can0  18FF6527   [8]  00 00 00 00 00 00 00 00
  can0  18FF6527   [8]  00 00 00 00 00 00 00 00
  can0  18FF6527   [8]  00 00 00 00 00 00 00 00
  can0  18FF6527   [8]  00 00 00 00 00 00 00 00
  can0  18FF6527   [8]  00 00 00 00 00 00 00 00
  can0  18FF6527   [8]  00 00 00 00 00 00 00 00
  can0  18FF6527